C51 COMPILER V9.60.7.0   OBSTACLEAVOIDANCE                                                 03/21/2024 10:21:55 PAGE 1   


C51 COMPILER V9.60.7.0, COMPILATION OF MODULE OBSTACLEAVOIDANCE
OBJECT MODULE PLACED IN .\Objects\ObstacleAvoidance.obj
COMPILER INVOKED BY: D:\Keil C51\C51\BIN\C51.EXE ObstacleAvoidance.c LARGE OMF2 OPTIMIZE(8,SPEED) BROWSE DEBUG PRINT(.\L
                    -istings\ObstacleAvoidance.lst) OBJECT(.\Objects\ObstacleAvoidance.obj)

line level    source

   1          #include "ObstacleAvoidance.h"
   2          
   3          /********************************变量定义****************************************/
   4          float dis_middle;
   5          float dis_left;
   6          float dis_right;
   7          
   8          /******************************************************************************/
   9          /* 函数名称  : Obstacle_Peripheral                                            */
  10          /* 函数描述  : 进入避障模式后，打开LED灯，打开蜂鸣器，预警                     */
  11          /* 输入参数  : 无                                                             */
  12          /* 参数描述  : 无                                                                        */
  13          /* 返回值    : 无                                                             */
  14          /******************************************************************************/
  15          void Obstacle_Peripheral()
  16          {
  17   1              LED_Show();
  18   1              Buzzer();
  19   1      }
  20          
  21          /******************************************************************************/
  22          /* 函数名称  : Obstacle_Avoidance_Pattern                                     */
  23          /* 函数描述  : 避障模式，超声波测距+SG90舵机，实现左中右的测距，通过判断不同方位*/
  24          /*                         的距离，实现直行，左右转弯。                                    */
  25          /* 输入参数  : 无                                                             */
  26          /* 参数描述  : 无                                                                        */
  27          /* 返回值    : 无                                                             */
  28          /******************************************************************************/
  29          void Obstacle_Avoidance_Pattern()
  30          {
  31   1              Obstacle_Peripheral();//初始化预警外设，LED灯和蜂鸣器
  32   1              dis_middle = HCSR04_Distance();//测量前方距离
  33   1              if(dis_middle > ADVANCEDISTANCE)//判断前方距离是否满足继续直行的条件
  34   1              {
  35   2                      Go_Forward();
  36   2                      Delay10ms();
  37   2              }
  38   1              else if(dis_middle < BACKWAY)//若前方距离小于最下距离时，开始后退
  39   1              {
  40   2                      Go_Back();
  41   2                      Delay10ms();
  42   2              }
  43   1              else//当前方距离介于直行和后退条件之间时，停车进行左右测距，判断转弯方向
  44   1              {
  45   2                      Stop();
  46   2                      Shake_Head_Left();
  47   2                      Delay300ms();
  48   2                      dis_left = HCSR04_Distance();//测量车头左侧距离
  49   2                      Shake_Head_Middle();
  50   2                      Delay300ms();
  51   2                      Shake_Head_Right();
  52   2                      Delay300ms();
  53   2                      dis_right = HCSR04_Distance();//测量车头右侧距离
  54   2                      Shake_Head_Middle();
C51 COMPILER V9.60.7.0   OBSTACLEAVOIDANCE                                                 03/21/2024 10:21:55 PAGE 2   

  55   2                      Delay300ms();
  56   2                      if(dis_left > dis_right)//左侧距离大于右侧距离时，左转弯，避开障碍物
  57   2                      {
  58   3                              Go_Left();
  59   3                              Delay10ms();
  60   3                      }
  61   2                      else if(dis_right >= dis_left)//否测右转弯，避开障碍物
  62   2                      {
  63   3                              Go_Right();
  64   3                              Delay10ms();
  65   3                      }
  66   2              }
  67   1      }


MODULE INFORMATION:   STATIC OVERLAYABLE
   CODE SIZE        =    206    ----
   CONSTANT SIZE    =   ----    ----
   XDATA SIZE       =     12    ----
   PDATA SIZE       =   ----    ----
   DATA SIZE        =   ----    ----
   IDATA SIZE       =   ----    ----
   BIT SIZE         =   ----    ----
   EDATA SIZE       =   ----    ----
   HDATA SIZE       =   ----    ----
   XDATA CONST SIZE =   ----    ----
   FAR CONST SIZE   =   ----    ----
END OF MODULE INFORMATION.


C51 COMPILATION COMPLETE.  0 WARNING(S),  0 ERROR(S)
