C51 COMPILER V9.60.7.0   OLED                                                              03/21/2024 10:21:54 PAGE 1   


C51 COMPILER V9.60.7.0, COMPILATION OF MODULE OLED
OBJECT MODULE PLACED IN .\Objects\OLED.obj
COMPILER INVOKED BY: D:\Keil C51\C51\BIN\C51.EXE OLED.c LARGE OMF2 OPTIMIZE(8,SPEED) BROWSE DEBUG PRINT(.\Listings\OLED.
                    -lst) OBJECT(.\Objects\OLED.obj)

line level    source

   1          #include "OLED.h"
   2          #include "Oledfont.h"
   3          
   4          /******************************************************************************/
   5          /* ∫Ø ˝√˚≥∆  : OLED_Write_Cmd                                                             */
   6          /* ∫Ø ˝√Ë ˆ  : –¥÷∏¡Ó£¨IICø™ º–≈∫≈÷Æ∫Û£¨œ»∑¢ÀÕ¥”ª˙µÿ÷∑£¨ ’µΩ”¶¥–≈∫≈∫Û£¨‘Ÿ–¥÷∏¡Ó*/      
   7          /*  ‰»Î≤Œ ˝  : cmd                                                            */
   8          /* ≤Œ ˝√Ë ˆ  : –¥»Îµƒ÷∏¡Ó                                                                     */
   9          /* ∑µªÿ÷µ    : Œﬁ                                                                          */
  10          /******************************************************************************/
  11          void OLED_Write_Cmd(unsigned char cmd)
  12          {
  13   1              IIC_Init();
  14   1              IIC_Start();
  15   1              IIC_Write_Data(0x78);
  16   1              IIC_Wait_Ack();
  17   1              IIC_Write_Data(0x00);
  18   1              IIC_Wait_Ack();
  19   1              IIC_Write_Data(cmd);
  20   1              IIC_Wait_Ack();
  21   1              IIC_Stop();
  22   1      }
  23          
  24          /******************************************************************************/
  25          /* ∫Ø ˝√˚≥∆  : OLED_Write_Data                                                            */
  26          /* ∫Ø ˝√Ë ˆ  : –¥ ˝æ›£¨IICø™ º–≈∫≈÷Æ∫Û£¨œ»∑¢ÀÕ¥”ª˙µÿ÷∑£¨ ’µΩ”¶¥–≈∫≈∫Û£¨‘Ÿ–¥ ˝æ› */     
  27          /*  ‰»Î≤Œ ˝  : datas                                                           */
  28          /* ≤Œ ˝√Ë ˆ  : –¥»Îµƒ ˝æ›                                                                     */
  29          /* ∑µªÿ÷µ    : Œﬁ                                                                         */
  30          /******************************************************************************/
  31          void OLED_Write_Data(unsigned char datas)
  32          {
  33   1              IIC_Init();
  34   1              IIC_Start();
  35   1              IIC_Write_Data(0x78);
  36   1              IIC_Wait_Ack();
  37   1              IIC_Write_Data(0x40);
  38   1              IIC_Wait_Ack();
  39   1              IIC_Write_Data(datas);
  40   1              IIC_Wait_Ack();
  41   1              IIC_Stop();
  42   1              
  43   1      }
  44          
  45          /******************************************************************************/
  46          /* ∫Ø ˝√˚≥∆  : OLED_Init                                                                  */
  47          /* ∫Ø ˝√Ë ˆ  : –¥÷∏¡Ó£¨≥ı ºªØOLED                                                                                         */    
  48          /*  ‰»Î≤Œ ˝  : Œﬁ                                                                 */
  49          /* ≤Œ ˝√Ë ˆ  : Œﬁ                                                                                     */
  50          /* ∑µªÿ÷µ    : Œﬁ                                                                         */
  51          /******************************************************************************/
  52          void OLED_Init()
  53          {
  54   1              OLED_Write_Cmd(0xAE);
C51 COMPILER V9.60.7.0   OLED                                                              03/21/2024 10:21:54 PAGE 2   

  55   1              OLED_Write_Cmd(0x00);
  56   1              OLED_Write_Cmd(0x10);
  57   1              OLED_Write_Cmd(0x40);
  58   1              OLED_Write_Cmd(0xB0);
  59   1              OLED_Write_Cmd(0x81);
  60   1              OLED_Write_Cmd(0xFF);
  61   1              OLED_Write_Cmd(0xA1);
  62   1              OLED_Write_Cmd(0xA6);
  63   1              OLED_Write_Cmd(0xA8);
  64   1              OLED_Write_Cmd(0x3F);
  65   1              OLED_Write_Cmd(0xC8);
  66   1              OLED_Write_Cmd(0xD3);
  67   1              OLED_Write_Cmd(0x00);
  68   1              OLED_Write_Cmd(0xD5);
  69   1              OLED_Write_Cmd(0x80);
  70   1              OLED_Write_Cmd(0xD8);
  71   1              OLED_Write_Cmd(0x05);
  72   1              OLED_Write_Cmd(0xD9);
  73   1              OLED_Write_Cmd(0xF1);
  74   1              OLED_Write_Cmd(0xDA);
  75   1              OLED_Write_Cmd(0x12);
  76   1              OLED_Write_Cmd(0xDB);
  77   1              OLED_Write_Cmd(0x30);
  78   1              OLED_Write_Cmd(0x8D);
  79   1              OLED_Write_Cmd(0x14);
  80   1              OLED_Write_Cmd(0xAF);
  81   1      }
  82          
  83          /******************************************************************************/
  84          /* ∫Ø ˝√˚≥∆  : OLED_Clear                                                                 */
  85          /* ∫Ø ˝√Ë ˆ  : «Â≥˝∆¡ƒªÀ˘”–ƒ⁄»›                                                                                           */    
  86          /*  ‰»Î≤Œ ˝  : Œﬁ                                                                 */
  87          /* ≤Œ ˝√Ë ˆ  : Œﬁ                                                                                     */
  88          /* ∑µªÿ÷µ    : Œﬁ                                                                         */
  89          /******************************************************************************/
  90          void OLED_Clear()
  91          {
  92   1              unsigned char i = 0;
  93   1              unsigned char j = 0;
  94   1              for(i=0;i<8;i++)
  95   1              {
  96   2                      OLED_Write_Cmd(0xB0 + i);
  97   2                      OLED_Write_Cmd(0x10);
  98   2                      OLED_Write_Cmd(0x00);
  99   2                      for(j=0;j<128;j++)
 100   2                      {
 101   3                              OLED_Write_Data(0);
 102   3                      }
 103   2              }
 104   1      }
 105          
 106          /******************************************************************************/
 107          /* ∫Ø ˝√˚≥∆  : OLED_Clear_Speed                                                           */
 108          /* ∫Ø ˝√Ë ˆ  : «Â≥˝∆¡ƒªµƒµ⁄2,3“≥µƒspeed÷Æ∫Ûµƒƒ⁄»›                                                         */    
 109          /*  ‰»Î≤Œ ˝  : Œﬁ                                                                 */
 110          /* ≤Œ ˝√Ë ˆ  : Œﬁ                                                                                     */
 111          /* ∑µªÿ÷µ    : Œﬁ                                                                         */
 112          /******************************************************************************/
 113          void OLED_Clear_Speed()
 114          {
 115   1              unsigned char i;
 116   1              unsigned char j;
C51 COMPILER V9.60.7.0   OLED                                                              03/21/2024 10:21:54 PAGE 3   

 117   1              for(i = 2; i < 4; i++)
 118   1              {
 119   2                      OLED_Write_Cmd(0xB0 + i);
 120   2                      OLED_Write_Cmd(0x13);
 121   2                      OLED_Write_Cmd(0x00);
 122   2                      for(j = 48; j < 128; j++)
 123   2                      {
 124   3                              OLED_Write_Data(0);
 125   3                      }       
 126   2              }
 127   1              
 128   1      }
 129          
 130          /******************************************************************************/
 131          /* ∫Ø ˝√˚≥∆  : OLED_Clear_Model                                                           */
 132          /* ∫Ø ˝√Ë ˆ  : «Â≥˝∆¡ƒªµƒµ⁄4,5“≥µƒModel÷Æ∫Ûµƒƒ⁄»›                                                         */    
 133          /*  ‰»Î≤Œ ˝  : Œﬁ                                                                 */
 134          /* ≤Œ ˝√Ë ˆ  : Œﬁ                                                                                     */
 135          /* ∑µªÿ÷µ    : Œﬁ                                                                         */
 136          /******************************************************************************/
 137          void OLED_Clear_Model()
 138          {
 139   1              unsigned char i;
 140   1              unsigned char j;
 141   1              for(i = 4; i < 6; i++)
 142   1              {
 143   2                      OLED_Write_Cmd(0xB0 + i);
 144   2                      OLED_Write_Cmd(0x13);
 145   2                      OLED_Write_Cmd(0x00);
 146   2                      for(j = 48; j < 128; j++)
 147   2                      {
 148   3                              OLED_Write_Data(0);
 149   3                      }       
 150   2              }
 151   1      }
 152          
 153          /******************************************************************************/
 154          /* ∫Ø ˝√˚≥∆  : OLED_Show_Fixed_Word                                               */
 155          /* ∫Ø ˝√Ë ˆ  : ‘⁄µ⁄0,1“≥÷–£¨œ‘ æπÃ∂®µƒ∫∫◊÷ƒ⁄»›°∞ª∂”≠∆Ù∂Ø‘”≈∆–°≥µ°∞                        */    
 156          /*  ‰»Î≤Œ ˝  : Œﬁ                                                                 */
 157          /* ≤Œ ˝√Ë ˆ  : Œﬁ                                                                                     */
 158          /* ∑µªÿ÷µ    : Œﬁ                                                                         */
 159          /******************************************************************************/
 160          void OLED_Show_Fixed_Word()
 161          {
 162   1              unsigned char i;
 163   1              OLED_Write_Cmd(0xB0);
 164   1              OLED_Write_Cmd(0x10);
 165   1              OLED_Write_Cmd(0x00);
 166   1              for(i=0;i<128;i++)
 167   1              {
 168   2                      OLED_Write_Data(fixed_word_up[i]);
 169   2              }
 170   1              OLED_Write_Cmd(0xB1);
 171   1              OLED_Write_Cmd(0x10);
 172   1              OLED_Write_Cmd(0x00);
 173   1              for(i=0;i<128;i++)
 174   1              {
 175   2                      OLED_Write_Data(fixed_word_down[i]);
 176   2              }
 177   1      }
 178          
C51 COMPILER V9.60.7.0   OLED                                                              03/21/2024 10:21:54 PAGE 4   

 179          /******************************************************************************/
 180          /* ∫Ø ˝√˚≥∆  : OLED_Show_Char                                                             */
 181          /* ∫Ø ˝√Ë ˆ  : ‘⁄xx––xx¡–œ‘ æ“ª∏ˆ◊÷∑˚                                                                             */    
 182          /*  ‰»Î≤Œ ˝  : row, col, oledChar                                                  */
 183          /* ≤Œ ˝√Ë ˆ  : row±Ì æ“≥∫≈£¨col±Ì æ¡–∫≈£¨oledChar±Ì æ◊÷∑˚                          */
 184          /* ∑µªÿ÷µ    : Œﬁ                                                                         */
 185          /******************************************************************************/
 186          void OLED_Show_Char(char row,char col,char oledChar){ //◊÷∑˚±Ì «øÌ∂»Œ™8£¨∏ﬂ∂»Œ™16µƒ◊÷,÷ß≥÷ASCII¬Î  ∂‘”¶πÿœ
             -µŒ™  ASCII - 32
 187   1              unsigned int  i;
 188   1              OLED_Write_Cmd(0xB0+(row*2-2));                           
 189   1              OLED_Write_Cmd(0x00+(col&0x0F));                         
 190   1              OLED_Write_Cmd(0x10+(col>>4));                            
 191   1              for(i=((oledChar-32)*16);i<((oledChar-32)*16+8);i++){
 192   2                      OLED_Write_Data(F8X16[i]);                           
 193   2              }
 194   1      
 195   1              OLED_Write_Cmd(0xB0+(row*2-1));                           
 196   1              OLED_Write_Cmd(0x00+(col&0x0F));                         
 197   1              OLED_Write_Cmd(0x10+(col>>4));                            
 198   1              for(i=((oledChar-32)*16+8);i<((oledChar-32)*16+8+8);i++){
 199   2                      OLED_Write_Data(F8X16[i]);                           
 200   2              }               
 201   1      }
 202          
 203          /******************************************************************************/
 204          /* ∫Ø ˝√˚≥∆  : OLED_Show_Str                                                                      */
 205          /* ∫Ø ˝√Ë ˆ  : ‘⁄xx––xx¡–œ‘ æ“ª¥Æ◊÷∑˚                                                                             */    
 206          /*  ‰»Î≤Œ ˝  : row, col, oledChar                                                */
 207          /* ≤Œ ˝√Ë ˆ  : row±Ì æ“≥∫≈£¨col±Ì æ¡–∫≈£¨str±Ì æ◊÷∑˚÷∏’Î                      */
 208          /* ∑µªÿ÷µ    : Œﬁ                                                                         */
 209          /******************************************************************************/
 210          void OLED_Show_Str(char row,char col,char *str){
 211   1              OLED_Write_Cmd(0x20);
 212   1              OLED_Write_Cmd(0x02);
 213   1              while(*str!=0){
 214   2                      OLED_Show_Char(row,col,*str);
 215   2                      str++;
 216   2                      col += 8;       
 217   2              }               
 218   1      }
 219          
 220          /******************************************************************************/
 221          /* ∫Ø ˝√˚≥∆  : OLED_Show_Init                                                             */
 222          /* ∫Ø ˝√Ë ˆ  : ≥ı ºªØ…œµÁ∆Ù∂Ø ±œ‘ æµƒ◊÷∑˚                                                                         */    
 223          /*  ‰»Î≤Œ ˝  : Œﬁ                                                                                  */
 224          /* ≤Œ ˝√Ë ˆ  : Œﬁ                                                                                                             */
 225          /* ∑µªÿ÷µ    : Œﬁ                                                                         */
 226          /******************************************************************************/
 227          void OLED_Show_Init()
 228          {
 229   1              OLED_Init();
 230   1              OLED_Clear();
 231   1              OLED_Show_Fixed_Word();
 232   1              OLED_Show_Str(2,0, "-----Ready-----");
 233   1              OLED_Show_Str(3,0, "Model:    ");
 234   1      }


MODULE INFORMATION:   STATIC OVERLAYABLE
   CODE SIZE        =    913    ----
   CONSTANT SIZE    =   1803    ----
C51 COMPILER V9.60.7.0   OLED                                                              03/21/2024 10:21:54 PAGE 5   

   XDATA SIZE       =   ----      19
   PDATA SIZE       =   ----    ----
   DATA SIZE        =   ----    ----
   IDATA SIZE       =   ----    ----
   BIT SIZE         =   ----    ----
   EDATA SIZE       =   ----    ----
   HDATA SIZE       =   ----    ----
   XDATA CONST SIZE =   ----    ----
   FAR CONST SIZE   =   ----    ----
END OF MODULE INFORMATION.


C51 COMPILATION COMPLETE.  0 WARNING(S),  0 ERROR(S)
