C51 COMPILER V9.60.7.0   SPEEDREGULATION                                                   03/17/2024 13:29:52 PAGE 1   


C51 COMPILER V9.60.7.0, COMPILATION OF MODULE SPEEDREGULATION
OBJECT MODULE PLACED IN .\Objects\SpeedRegulation.obj
COMPILER INVOKED BY: D:\Keil C51\C51\BIN\C51.EXE SpeedRegulation.c LARGE OMF2 OPTIMIZE(8,SPEED) BROWSE DEBUG PRINT(.\Lis
                    -tings\SpeedRegulation.lst) OBJECT(.\Objects\SpeedRegulation.obj)

line level    source

   1          #include <reg52.h>
   2          #include "MoveCar.h"
   3          #include "DefineVar.h"
   4          
   5          typedef unsigned char u8;
   6          
   7          u8 left_cnt;
   8          u8 right_cnt;
   9          u8 Left_Speed = 0;
  10          u8 Right_Speed = 0;
  11          
  12          void Time0_Init()
  13          {
  14   1              TMOD &= 0xF0;           //设置定时器模式
  15   1              TMOD |= 0x01;           //设置定时器模式
  16   1              TL0 = 0x33;             //设置定时初值
  17   1              TH0 = 0xFE;             //设置定时初值
  18   1              TF0 = 0;                //清除TF0标志
  19   1              TR0 = 1;                //定时器0开始计时
  20   1              EA = 1;
  21   1              ET0 = 1;
  22   1      }
  23          
  24          void Time1_Init()
  25          {
  26   1              TMOD &= 0x0F;           //设置定时器模式
  27   1              TMOD |= 0x10;           //设置定时器模式
  28   1              TL1 = 0x33;             //设置定时初值
  29   1              TH1 = 0xFE;             //设置定时初值
  30   1              TF1 = 0;                //清除TF0标志
  31   1              TR1 = 1;                //定时器0开始计时
  32   1              EA = 1;
  33   1              ET1 = 1;
  34   1      }
  35          
  36          void Time0_Handle() interrupt 1
  37          {
  38   1              left_cnt++;
  39   1              TL0 = 0x33;             //设置定时初值
  40   1              TH0 = 0xFE;     
  41   1              if(left_cnt < Left_Speed)
  42   1              {
  43   2                      Left_Wheel_Go();
  44   2              }
  45   1              else
  46   1              {
  47   2                      Left_Wheel_Stop();
  48   2              }
  49   1              if(left_cnt == 40)    //20ms为周期
  50   1              {
  51   2                      left_cnt = 0;
  52   2              }
  53   1      }
  54          
C51 COMPILER V9.60.7.0   SPEEDREGULATION                                                   03/17/2024 13:29:52 PAGE 2   

  55          void Time1_Handle() interrupt 3
  56          {
  57   1              right_cnt++;
  58   1              TL1 = 0x33;             //设置定时初值
  59   1              TH1 = 0xFE;     
  60   1              if(right_cnt < Right_Speed)
  61   1              {
  62   2                      Right_Wheel_Go();
  63   2              }
  64   1              else
  65   1              {
  66   2                      Right_Wheel_Stop();
  67   2              }
  68   1              if(right_cnt == 40)    //20ms为周期
  69   1              {
  70   2                      right_cnt = 0;
  71   2              }
  72   1      }
  73          


MODULE INFORMATION:   STATIC OVERLAYABLE
   CODE SIZE        =    244    ----
   CONSTANT SIZE    =   ----    ----
   XDATA SIZE       =      4    ----
   PDATA SIZE       =   ----    ----
   DATA SIZE        =   ----    ----
   IDATA SIZE       =   ----    ----
   BIT SIZE         =   ----    ----
   EDATA SIZE       =   ----    ----
   HDATA SIZE       =   ----    ----
   XDATA CONST SIZE =   ----    ----
   FAR CONST SIZE   =   ----    ----
END OF MODULE INFORMATION.


C51 COMPILATION COMPLETE.  0 WARNING(S),  0 ERROR(S)
