C51 COMPILER V9.60.7.0   TRACK                                                             03/21/2024 10:21:54 PAGE 1   


C51 COMPILER V9.60.7.0, COMPILATION OF MODULE TRACK
OBJECT MODULE PLACED IN .\Objects\Track.obj
COMPILER INVOKED BY: D:\Keil C51\C51\BIN\C51.EXE Track.c LARGE OMF2 OPTIMIZE(8,SPEED) BROWSE DEBUG PRINT(.\Listings\Trac
                    -k.lst) OBJECT(.\Objects\Track.obj)

line level    source

   1          #include "Track.h"
   2          
   3          /******************************************************************************/
   4          /* 函数名称  : Track_Pattern                                                              */
   5          /* 函数描述  : 通过判断发射出的红外线是否被反射回来，控制小车行进路线，实现小车 */      
   6          /*                         循迹(巡线)。红外反射回来输出低电平，被黑线吸收则返回高电平     */
   7          /* 输入参数  : 无                                                             */
   8          /* 参数描述  : 无                                                                                     */
   9          /* 返回值    : 无                                                             */
  10          /******************************************************************************/
  11          void Track_Pattern()
  12          {
  13   1              if(Track_Left == HIGH && Track_Right == LOW)
  14   1              {
  15   2                      Go_Left();
  16   2                      Delay10ms();
  17   2              }
  18   1              else if(Track_Left == LOW && Track_Right == HIGH)
  19   1              {
  20   2                      Go_Right();
  21   2                      Delay10ms();
  22   2              }
  23   1              else if(Track_Left == LOW && Track_Right == LOW)
  24   1              {
  25   2                      Go_Forward();
  26   2                      Delay10ms();
  27   2              }
  28   1              else if(Track_Left == HIGH && Track_Right == HIGH)
  29   1              {
  30   2                      Stop();
  31   2              }
  32   1      }


MODULE INFORMATION:   STATIC OVERLAYABLE
   CODE SIZE        =     44    ----
   CONSTANT SIZE    =   ----    ----
   XDATA SIZE       =   ----    ----
   PDATA SIZE       =   ----    ----
   DATA SIZE        =   ----    ----
   IDATA SIZE       =   ----    ----
   BIT SIZE         =   ----    ----
   EDATA SIZE       =   ----    ----
   HDATA SIZE       =   ----    ----
   XDATA CONST SIZE =   ----    ----
   FAR CONST SIZE   =   ----    ----
END OF MODULE INFORMATION.


C51 COMPILATION COMPLETE.  0 WARNING(S),  0 ERROR(S)
