C51 COMPILER V9.60.7.0   DELAY                                                             03/19/2024 09:24:56 PAGE 1   


C51 COMPILER V9.60.7.0, COMPILATION OF MODULE DELAY
OBJECT MODULE PLACED IN .\Objects\DELAY.obj
COMPILER INVOKED BY: D:\Keil C51\C51\BIN\C51.EXE DELAY.c LARGE OMF2 OPTIMIZE(8,SPEED) BROWSE DEBUG PRINT(.\Listings\DELA
                    -Y.lst) OBJECT(.\Objects\DELAY.obj)

line level    source

   1          #include <intrins.h>
   2          
   3          
   4          void Delay300us()               //@11.0592MHz
   5          {
   6   1              unsigned char i;
   7   1      
   8   1              _nop_();
   9   1              i = 135;
  10   1              while (--i);
  11   1      }
  12          
  13          
  14          void Delay10ms()                //@11.0592MHz
  15          {
  16   1              unsigned char i, j;
  17   1      
  18   1              i = 18;
  19   1              j = 235;
  20   1              do
  21   1              {
  22   2                      while (--j);
  23   2              } while (--i);
  24   1      }
  25          
  26          void Delay100ms()               //@11.0592MHz
  27          {
  28   1              unsigned char i, j;
  29   1      
  30   1              i = 180;
  31   1              j = 73;
  32   1              do
  33   1              {
  34   2                      while (--j);
  35   2              } while (--i);
  36   1      }
  37          
  38          
  39          void Delay400ms()               //@11.0592MHz
  40          {
  41   1              unsigned char i, j, k;
  42   1      
  43   1              _nop_();
  44   1              i = 3;
  45   1              j = 206;
  46   1              k = 43;
  47   1              do
  48   1              {
  49   2                      do
  50   2                      {
  51   3                              while (--k);
  52   3                      } while (--j);
  53   2              } while (--i);
  54   1      }
C51 COMPILER V9.60.7.0   DELAY                                                             03/19/2024 09:24:56 PAGE 2   

  55          
  56          
  57          void Delay1000ms()              //@11.0592MHz
  58          {
  59   1              unsigned char i, j, k;
  60   1      
  61   1              _nop_();
  62   1              i = 8;
  63   1              j = 1;
  64   1              k = 243;
  65   1              do
  66   1              {
  67   2                      do
  68   2                      {
  69   3                              while (--k);
  70   3                      } while (--j);
  71   2              } while (--i);
  72   1      }
  73          
  74          void Delay3000ms()              //@11.0592MHz
  75          {
  76   1              unsigned char i, j, k;
  77   1      
  78   1              _nop_();
  79   1              i = 22;
  80   1              j = 3;
  81   1              k = 227;
  82   1              do
  83   1              {
  84   2                      do
  85   2                      {
  86   3                              while (--k);
  87   3                      } while (--j);
  88   2              } while (--i);
  89   1      }


MODULE INFORMATION:   STATIC OVERLAYABLE
   CODE SIZE        =     66    ----
   CONSTANT SIZE    =   ----    ----
   XDATA SIZE       =   ----    ----
   PDATA SIZE       =   ----    ----
   DATA SIZE        =   ----    ----
   IDATA SIZE       =   ----    ----
   BIT SIZE         =   ----    ----
   EDATA SIZE       =   ----    ----
   HDATA SIZE       =   ----    ----
   XDATA CONST SIZE =   ----    ----
   FAR CONST SIZE   =   ----    ----
END OF MODULE INFORMATION.


C51 COMPILATION COMPLETE.  0 WARNING(S),  0 ERROR(S)
