C51 COMPILER V9.60.7.0   MOVECAR                                                           03/19/2024 09:24:56 PAGE 1   


C51 COMPILER V9.60.7.0, COMPILATION OF MODULE MOVECAR
OBJECT MODULE PLACED IN .\Objects\MoveCar.obj
COMPILER INVOKED BY: D:\Keil C51\C51\BIN\C51.EXE MoveCar.c LARGE OMF2 OPTIMIZE(8,SPEED) BROWSE DEBUG PRINT(.\Listings\Mo
                    -veCar.lst) OBJECT(.\Objects\MoveCar.obj)

line level    source

   1          #include <reg52.h>
   2          #include "DELAY.h"
   3          #include "DefineVar.h"
   4          
   5          void Go_Forward()
   6          {
   7   1              A1_Right = LOW;
   8   1              A2_Right = HIGH;
   9   1              B1_Left = LOW;
  10   1              B2_Left = HIGH;
  11   1      }
  12          
  13          void Go_Back()
  14          {
  15   1              A1_Right = HIGH;
  16   1              A2_Right = LOW;
  17   1              B1_Left = HIGH;
  18   1              B2_Left = LOW;
  19   1      }
  20          
  21          void Go_Left()
  22          {
  23   1              A1_Right = LOW;
  24   1              A2_Right = LOW;
  25   1              B1_Left = LOW;
  26   1              B2_Left = HIGH;
  27   1      }
  28          
  29          void Go_Right()
  30          {
  31   1              A1_Right = LOW;
  32   1              A2_Right = HIGH;
  33   1              B1_Left = LOW;
  34   1              B2_Left = LOW;
  35   1      }
  36          
  37          void Stop()
  38          {
  39   1              A1_Right = LOW;
  40   1              A2_Right = LOW;
  41   1              B1_Left = LOW;
  42   1              B2_Left = LOW;
  43   1      }


MODULE INFORMATION:   STATIC OVERLAYABLE
   CODE SIZE        =     45    ----
   CONSTANT SIZE    =   ----    ----
   XDATA SIZE       =   ----    ----
   PDATA SIZE       =   ----    ----
   DATA SIZE        =   ----    ----
   IDATA SIZE       =   ----    ----
   BIT SIZE         =   ----    ----
   EDATA SIZE       =   ----    ----
C51 COMPILER V9.60.7.0   MOVECAR                                                           03/19/2024 09:24:56 PAGE 2   

   HDATA SIZE       =   ----    ----
   XDATA CONST SIZE =   ----    ----
   FAR CONST SIZE   =   ----    ----
END OF MODULE INFORMATION.


C51 COMPILATION COMPLETE.  0 WARNING(S),  0 ERROR(S)
