C51 COMPILER V9.60.7.0   SG90                                                              03/14/2024 11:38:41 PAGE 1   


C51 COMPILER V9.60.7.0, COMPILATION OF MODULE SG90
OBJECT MODULE PLACED IN .\Objects\SG90.obj
COMPILER INVOKED BY: D:\Keil C51\C51\BIN\C51.EXE SG90.c LARGE OMF2 OPTIMIZE(8,SPEED) BROWSE DEBUG PRINT(.\Listings\SG90.
                    -lst) OBJECT(.\Objects\SG90.obj)

line level    source

   1          #include <REG52.H>
   2          #include "DELAY.h"
   3          
   4          sbit sg_90 = P0^4;
   5          sbit Trig = P0^5;
   6          sbit Echo = P0^6;
   7          
   8          extern unsigned char cnt;
   9          int sg90_angle;
  10          
  11          void Timer0_Initialization()
  12          {
  13   1              //定时器工作方式1
  14   1              TMOD &= 0xF0;           
  15   1              TMOD |= 0x01;           
  16   1              //打开定时器，软件清0溢出位
  17   1              TR0 = 1;
  18   1              TF0= 0;
  19   1              //初始化0.5ms
  20   1              TH0 = 0xFE;             
  21   1              TL0 = 0x33;
  22   1              //打开中断
  23   1              EA = 1; 
  24   1              ET0 = 1;        
  25   1      }
  26          
  27          void Timer1_Initialization()
  28          {
  29   1              //定时器工作方式
  30   1              TMOD &= 0x0F;   
  31   1              TMOD |= 0x10;
  32   1              //初始化计数
  33   1              TH1 = 0;
  34   1              TL1 = 0;        
  35   1      }
  36          
  37          void SG_Initialization()
  38          {
  39   1              sg_90 = 1;
  40   1              cnt = 0;
  41   1              sg90_angle = 1;
  42   1      }
  43          
  44          void GO_Forward_Middle()
  45          {
  46   1              sg90_angle = 3;
  47   1              cnt = 0;
  48   1      }
  49          
  50          void GO_Forward_Left()
  51          {
  52   1              sg90_angle = 1;
  53   1              cnt = 0;
  54   1      }
C51 COMPILER V9.60.7.0   SG90                                                              03/14/2024 11:38:41 PAGE 2   

  55          
  56          void GO_Forward_Right()
  57          {
  58   1              sg90_angle = 5;
  59   1              cnt = 0;
  60   1      }
  61          
  62          void Init_HC_SR04()
  63          {
  64   1              Trig = 0;
  65   1              Trig = 1;
  66   1              Delay10us();
  67   1              Trig = 0;
  68   1      }
  69          
  70          double Distance()
  71          {
  72   1              Init_HC_SR04();
  73   1              TH1 = 0;
  74   1              TL1 = 0;
  75   1              while(Echo == 0);
  76   1              TR1 = 1;
  77   1              while(Echo);
  78   1              TR1 = 0;
  79   1              return ((TH1 * 256 + TL1) * 1.085 * 0.017);
  80   1      }
  81          
  82          void Shake_Head()
  83          {
  84   1              double dis;
  85   1              Timer0_Initialization();
  86   1              Timer1_Initialization();
  87   1              SG_Initialization();
  88   1              while(1)
  89   1              {
  90   2                      dis = Distance();
  91   2                      if(dis < 20)//判断是否符合旋转90°
  92   2                      {
  93   3                              GO_Forward_Left();
  94   3                      }
  95   2                      else
  96   2                      {
  97   3                              GO_Forward_Right();
  98   3                      }
  99   2              }
 100   1      }
 101          
 102          void Timer0_Interrupt_Processing() interrupt 1
 103          {
 104   1              cnt++;  //统计溢出次数
 105   1              TH0 = 0xFE;
 106   1              TL0 = 0x33;
 107   1              if(cnt < sg90_angle)    //舵机旋转角度  angle * 45°
 108   1              {
 109   2                      sg_90 = 1;
 110   2              }
 111   1              else
 112   1              {
 113   2                      sg_90 = 0;
 114   2              }
 115   1              if(cnt == 40)//一个PWM信号周期   50Hz 20ms
 116   1              {
C51 COMPILER V9.60.7.0   SG90                                                              03/14/2024 11:38:41 PAGE 3   

 117   2                      cnt = 0;
 118   2                      sg_90 = 1;
 119   2              }
 120   1      }


MODULE INFORMATION:   STATIC OVERLAYABLE
   CODE SIZE        =    288    ----
   CONSTANT SIZE    =   ----    ----
   XDATA SIZE       =      2       4
   PDATA SIZE       =   ----    ----
   DATA SIZE        =   ----    ----
   IDATA SIZE       =   ----    ----
   BIT SIZE         =   ----    ----
   EDATA SIZE       =   ----    ----
   HDATA SIZE       =   ----    ----
   XDATA CONST SIZE =   ----    ----
   FAR CONST SIZE   =   ----    ----
END OF MODULE INFORMATION.


C51 COMPILATION COMPLETE.  0 WARNING(S),  0 ERROR(S)
