C51 COMPILER V9.60.7.0   SPEEDDISPLAY                                                      03/19/2024 09:24:56 PAGE 1   


C51 COMPILER V9.60.7.0, COMPILATION OF MODULE SPEEDDISPLAY
OBJECT MODULE PLACED IN .\Objects\SpeedDisplay.obj
COMPILER INVOKED BY: D:\Keil C51\C51\BIN\C51.EXE SpeedDisplay.c LARGE OMF2 OPTIMIZE(8,SPEED) BROWSE DEBUG PRINT(.\Listin
                    -gs\SpeedDisplay.lst) OBJECT(.\Objects\SpeedDisplay.obj)

line level    source

   1          #include <reg52.h>
   2          #include <stdio.h>
   3          #include "DefineVar.h"
   4          #include "UART.h"
   5          #include <math.h>
   6          
   7          int count = 0;
   8          void Time0_Init()
   9          {
  10   1              TMOD &= 0xF0;           //设置定时器模式
  11   1              TMOD |= 0x01;
  12   1              TL0 = 0x33;             //设置定时初值 0.5ms
  13   1              TH0 = 0xFE;             //设置定时初值
  14   1              TF0 = 0;                //清除TF0标志
  15   1              TR0 = 1;                //定时器0开始计时
  16   1              ET0 = 1;
  17   1              EX0 = 1;
  18   1              IE0 = 0;
  19   1              IT0 = 0;                //低电平触发外部中断1
  20   1      }
  21          
  22          
  23          //码盘20个格子，被遮挡（高电平），不遮挡（低电平）
  24          //轮子直径6.5cm,一圈距离：3.14*6.5 = 20.41cm
  25          
  26          void Int0_Handle() interrupt 0
  27          {
  28   1              count++;
  29   1      }
  30          
  31          void Time0_Handle() interrupt 1
  32          {
  33   1              static int cnt = 0;
  34   1              u8 SPEED[20];
  35   1              cnt++;
  36   1              TL0 = 0x33;             //设置定时初值
  37   1              TH0 = 0xFE;             //设置定时初值
  38   1              if(cnt == 2000)
  39   1              {
  40   2                      sprintf(SPEED,"SPEED:%dcm/s\r\n",count);
  41   2                      Write_Data(SPEED);
  42   2                      count = 0;
  43   2                      cnt = 0;
  44   2              }
  45   1      }


MODULE INFORMATION:   STATIC OVERLAYABLE
   CODE SIZE        =    206    ----
   CONSTANT SIZE    =     15    ----
   XDATA SIZE       =      4      20
   PDATA SIZE       =   ----    ----
   DATA SIZE        =   ----    ----
   IDATA SIZE       =   ----    ----
C51 COMPILER V9.60.7.0   SPEEDDISPLAY                                                      03/19/2024 09:24:56 PAGE 2   

   BIT SIZE         =   ----    ----
   EDATA SIZE       =   ----    ----
   HDATA SIZE       =   ----    ----
   XDATA CONST SIZE =   ----    ----
   FAR CONST SIZE   =   ----    ----
END OF MODULE INFORMATION.


C51 COMPILATION COMPLETE.  0 WARNING(S),  0 ERROR(S)
