C51 COMPILER V9.60.7.0   START                                                             03/19/2024 09:24:56 PAGE 1   


C51 COMPILER V9.60.7.0, COMPILATION OF MODULE START
OBJECT MODULE PLACED IN .\Objects\start.obj
COMPILER INVOKED BY: D:\Keil C51\C51\BIN\C51.EXE start.c LARGE OMF2 OPTIMIZE(8,SPEED) BROWSE DEBUG PRINT(.\Listings\star
                    -t.lst) OBJECT(.\Objects\start.obj)

line level    source

   1          #include <reg52.h>
   2          #include "DELAY.h"
   3          #include "MoveCar.h"
   4          #include "SpeedDisplay.h"
   5          #include "DefineVar.h"
   6          #include "UART.h"
   7          #include "Wireless433M.h"
   8          
   9          void Indicator_Light()
  10          {
  11   1              unsigned char i;
  12   1              for(i=0;i<3;i++)
  13   1              {
  14   2                      D5 = LOW;
  15   2                      D6 = LOW;
  16   2                      Delay1000ms();
  17   2                      D5 = HIGH;
  18   2                      D6 = HIGH;
  19   2                      Delay1000ms();
  20   2              }
  21   1      }
  22          
  23          void main()
  24          {
  25   1              Indicator_Light();
  26   1              UART_Init();
  27   1              Time0_Init();
  28   1              Wireless_433M();
  29   1              while(1)
  30   1              {
  31   2                      Wireless_433M();
  32   2                      Stop();
  33   2              }
  34   1      }


MODULE INFORMATION:   STATIC OVERLAYABLE
   CODE SIZE        =     52    ----
   CONSTANT SIZE    =   ----    ----
   XDATA SIZE       =   ----       1
   PDATA SIZE       =   ----    ----
   DATA SIZE        =   ----    ----
   IDATA SIZE       =   ----    ----
   BIT SIZE         =   ----    ----
   EDATA SIZE       =   ----    ----
   HDATA SIZE       =   ----    ----
   XDATA CONST SIZE =   ----    ----
   FAR CONST SIZE   =   ----    ----
END OF MODULE INFORMATION.


C51 COMPILATION COMPLETE.  0 WARNING(S),  0 ERROR(S)
