C51 COMPILER V9.60.7.0   UART                                                              03/19/2024 09:24:56 PAGE 1   


C51 COMPILER V9.60.7.0, COMPILATION OF MODULE UART
OBJECT MODULE PLACED IN .\Objects\UART.obj
COMPILER INVOKED BY: D:\Keil C51\C51\BIN\C51.EXE UART.c LARGE OMF2 OPTIMIZE(8,SPEED) BROWSE DEBUG PRINT(.\Listings\UART.
                    -lst) OBJECT(.\Objects\UART.obj)

line level    source

   1          #include <reg52.h>
   2          #include "DefineVar.h"
   3          #include "MoveCar.h"
   4          #include "DELAY.h"
   5          
   6          sfr AUXR = 0x8E;
   7          void UART_Init()
   8          {
   9   1              AUXR = 0x01;
  10   1              PCON &= 0x7F;           //波特率不倍速
  11   1              SCON = 0x50;            //8位数据,可变波特率
  12   1              TMOD &= 0x0F;           //清除定时器1模式位
  13   1              TMOD |= 0x20;           //设定定时器1为8位自动重装方式
  14   1              TL1 = 0xFD;             //设定定时初值
  15   1              TH1 = 0xFD;             //设定定时器重装值
  16   1              ET1 = 0;                //禁止定时器1中断
  17   1              TR1 = 1;                //启动定时器1
  18   1              EA = 1;
  19   1              ES = 1;
  20   1      }
  21          
  22          void Write_Byte(u8 byte)
  23          {
  24   1              SBUF = byte;
  25   1              while(!TI);
  26   1              TI = 0;
  27   1      }
  28          
  29          void Write_Data(u8 *str)
  30          {
  31   1              while(*str != '\0')
  32   1              {
  33   2                      Write_Byte(*str);
  34   2                      str++;
  35   2              }
  36   1      }
  37          
  38          void UART_Handle() interrupt 4
  39          {
  40   1              u8 tmp;
  41   1              if(RI)
  42   1              {
  43   2                      RI = 0;
  44   2                      tmp = SBUF;
  45   2                      switch(tmp)
  46   2                      {
  47   3                              case GOFORWARD:
  48   3                                      Go_Forward();
  49   3                                      Delay10ms();
  50   3                              break;
  51   3                              case GOBACK:
  52   3                                      Go_Back();
  53   3                                      Delay10ms();
  54   3                              break;
C51 COMPILER V9.60.7.0   UART                                                              03/19/2024 09:24:56 PAGE 2   

  55   3                              case GOLEFT:
  56   3                                      Go_Left();
  57   3                                      Delay10ms();
  58   3                              break;
  59   3                              case GORIGHT:
  60   3                                      Go_Right();
  61   3                                      Delay10ms();
  62   3                              break;
  63   3                      }
  64   2              }
  65   1      }


MODULE INFORMATION:   STATIC OVERLAYABLE
   CODE SIZE        =    159    ----
   CONSTANT SIZE    =   ----    ----
   XDATA SIZE       =   ----    ----
   PDATA SIZE       =   ----    ----
   DATA SIZE        =   ----    ----
   IDATA SIZE       =   ----    ----
   BIT SIZE         =   ----    ----
   EDATA SIZE       =   ----    ----
   HDATA SIZE       =   ----    ----
   XDATA CONST SIZE =   ----    ----
   FAR CONST SIZE   =   ----    ----
END OF MODULE INFORMATION.


C51 COMPILATION COMPLETE.  0 WARNING(S),  0 ERROR(S)
