C51 COMPILER V9.60.7.0   WIRELESS433M                                                      03/19/2024 09:24:56 PAGE 1   


C51 COMPILER V9.60.7.0, COMPILATION OF MODULE WIRELESS433M
OBJECT MODULE PLACED IN .\Objects\Wireless433M.obj
COMPILER INVOKED BY: D:\Keil C51\C51\BIN\C51.EXE Wireless433M.c LARGE OMF2 OPTIMIZE(8,SPEED) BROWSE DEBUG PRINT(.\Listin
                    -gs\Wireless433M.lst) OBJECT(.\Objects\Wireless433M.obj)

line level    source

   1          #include <reg52.h>
   2          #include "MoveCar.h"
   3          #include "DELAY.h"
   4          #include "DefineVar.h"
   5          
   6          void Wireless_433M()
   7          {
   8   1              if(D0 == 1)
   9   1              {
  10   2                      Go_Forward();
  11   2                      Delay100ms();
  12   2              }
  13   1              else if(D1 == 1)
  14   1              {
  15   2                      Go_Back();
  16   2                      Delay100ms();
  17   2              }
  18   1              else if(D2 == 1)
  19   1              {
  20   2                      Go_Left();
  21   2                      Delay100ms();
  22   2              }
  23   1              else if(D3 == 1)
  24   1              {
  25   2                      Go_Right();
  26   2                      Delay100ms();
  27   2              }
  28   1      }
  29          
  30          


MODULE INFORMATION:   STATIC OVERLAYABLE
   CODE SIZE        =     34    ----
   CONSTANT SIZE    =   ----    ----
   XDATA SIZE       =   ----    ----
   PDATA SIZE       =   ----    ----
   DATA SIZE        =   ----    ----
   IDATA SIZE       =   ----    ----
   BIT SIZE         =   ----    ----
   EDATA SIZE       =   ----    ----
   HDATA SIZE       =   ----    ----
   XDATA CONST SIZE =   ----    ----
   FAR CONST SIZE   =   ----    ----
END OF MODULE INFORMATION.


C51 COMPILATION COMPLETE.  0 WARNING(S),  0 ERROR(S)
